[26/08/13-20:07] [zBlock] Attempting to load plugin
[26/08/13-20:07] [zBlock] Your plugin version is up-to-date
[26/08/13-20:07] [zBlock] Plugin Successfully Loaded!
[26/08/13-20:07] zb_allowcashcalling changed now "0"
[26/08/13-20:07] zBlock: zb_warmode changed, Removing all players
[26/08/13-20:07] [zBlock] Attempting to set zb_authhost "http://www.gametech.com.au/warmod/cstrike/zblock.php"
[26/08/13-20:07] zBlock: "sv_client_max_interp_ratio" forced to 1
[26/08/13-20:07] zBlock: "sv_client_max_interp_ratio" forced to 1
[26/08/13-20:11] zBlock: Invalid or unknown response from auth-host
[26/08/13-20:21] [zBlock] Attempting to load plugin
[26/08/13-20:21] [zBlock] Your plugin version is up-to-date
[26/08/13-20:21] [zBlock] Plugin Successfully Loaded!
[26/08/13-20:21] zb_allowcashcalling changed now "0"
[26/08/13-20:21] zBlock: zb_warmode changed, Removing all players
[26/08/13-20:21] [zBlock] Attempting to set zb_authhost "http://www.gametech.com.au/warmod/cstrike/zblock.php"
[26/08/13-20:22] zBlock: Invalid or unknown response from auth-host
[26/08/13-20:30] [zBlock] Attempting to load plugin
[26/08/13-20:30] [zBlock] Your plugin version is up-to-date
[26/08/13-20:30] [zBlock] Plugin Successfully Loaded!
[26/08/13-20:30] zb_allowcashcalling changed now "0"
[26/08/13-20:30] zBlock: zb_warmode changed, Removing all players
[26/08/13-20:37] [zBlock] Attempting to load plugin
[26/08/13-20:37] [zBlock] Your plugin version is up-to-date
[26/08/13-20:37] [zBlock] Plugin Successfully Loaded!
[26/08/13-20:37] zb_allowcashcalling changed now "0"
[26/08/13-20:37] zBlock: zb_warmode changed, Removing all players
[26/08/13-20:41] [zBlock] Attempting to load plugin
[26/08/13-20:41] [zBlock] Your plugin version is up-to-date
[26/08/13-20:41] [zBlock] Plugin Successfully Loaded!
[26/08/13-20:41] zb_allowcashcalling changed now "0"
[26/08/13-20:41] zBlock: zb_warmode changed, Removing all players
[26/08/13-20:46] [zBlock] Attempting to load plugin
[26/08/13-20:46] [zBlock] Your plugin version is up-to-date
[26/08/13-20:46] [zBlock] Plugin Successfully Loaded!
[26/08/13-20:46] zb_allowcashcalling changed now "0"
[26/08/13-20:46] zBlock: zb_warmode changed, Removing all players
[26/08/13-20:47] [zBlock] Attempting to load plugin
[26/08/13-20:47] [zBlock] Your plugin version is up-to-date
[26/08/13-20:47] [zBlock] Plugin Successfully Loaded!
[26/08/13-20:47] zb_allowcashcalling changed now "0"
[26/08/13-20:47] zBlock: zb_warmode changed, Removing all players
[26/08/13-20:51] [zBlock] Attempting to load plugin
[26/08/13-20:51] [zBlock] Your plugin version is up-to-date
[26/08/13-20:51] [zBlock] Plugin Successfully Loaded!
[26/08/13-20:51] zb_allowcashcalling changed now "0"
[26/08/13-20:51] zBlock: zb_warmode changed, Removing all players
[26/08/13-21:06] [zBlock] Attempting to load plugin
[26/08/13-21:06] [zBlock] Your plugin version is up-to-date
[26/08/13-21:06] [zBlock] Plugin Successfully Loaded!
[26/08/13-21:06] zb_allowcashcalling changed now "0"
[26/08/13-21:06] zBlock: zb_warmode changed, Removing all players
[26/08/13-21:09] [zBlock] Attempting to load plugin
[26/08/13-21:09] [zBlock] Your plugin version is up-to-date
[26/08/13-21:09] [zBlock] Plugin Successfully Loaded!
[26/08/13-21:09] zb_allowcashcalling changed now "0"
[26/08/13-21:09] zBlock: zb_warmode changed, Removing all players
