L 08/26/2013 - 20:07:31: SourceMod error session started
L 08/26/2013 - 20:07:31: Info (map "de_dust2") (file "errors_20130826.log")
L 08/26/2013 - 20:07:31: [warmod.smx] GameTech LiveWire - Socket error 3 (errno 111)
L 08/26/2013 - 20:07:32: Error log file session closed.
L 08/26/2013 - 20:07:32: SourceMod error session started
L 08/26/2013 - 20:07:32: Info (map "de_dust2") (file "errors_20130826.log")
L 08/26/2013 - 20:07:32: [warmod.smx] GameTech LiveWire - Socket error 3 (errno 111)
L 08/26/2013 - 20:07:32: [warmod.smx] GameTech LiveWire - Socket error 3 (errno 111)
L 08/26/2013 - 20:07:32: [warmod.smx] GameTech LiveWire - Socket error 3 (errno 111)
L 08/26/2013 - 20:17:32: [warmod.smx] GameTech LiveWire - Socket error 3 (errno 111)
L 08/26/2013 - 20:21:40: SourceMod error session started
L 08/26/2013 - 20:21:40: Info (map "de_dust2") (file "errors_20130826.log")
L 08/26/2013 - 20:21:40: [warmod.smx] GameTech LiveWire - Socket error 3 (errno 111)
L 08/26/2013 - 20:21:41: Error log file session closed.
L 08/26/2013 - 20:21:41: SourceMod error session started
L 08/26/2013 - 20:21:41: Info (map "de_dust2") (file "errors_20130826.log")
L 08/26/2013 - 20:21:41: [warmod.smx] GameTech LiveWire - Socket error 3 (errno 111)
L 08/26/2013 - 20:30:35: SourceMod error session started
L 08/26/2013 - 20:30:35: Info (map "de_dust2") (file "errors_20130826.log")
L 08/26/2013 - 20:30:35: [warmod.smx] GameTech LiveWire - Socket error 3 (errno 111)
L 08/26/2013 - 20:30:36: Error log file session closed.
L 08/26/2013 - 20:30:36: SourceMod error session started
L 08/26/2013 - 20:30:36: Info (map "de_dust2") (file "errors_20130826.log")
L 08/26/2013 - 20:30:36: [warmod.smx] GameTech LiveWire - Socket error 3 (errno 111)
L 08/26/2013 - 20:37:09: SourceMod error session started
L 08/26/2013 - 20:37:09: Info (map "de_dust2") (file "errors_20130826.log")
L 08/26/2013 - 20:37:09: [warmod.smx] GameTech LiveWire - Socket error 3 (errno 111)
L 08/26/2013 - 20:37:10: Error log file session closed.
L 08/26/2013 - 20:37:10: SourceMod error session started
L 08/26/2013 - 20:37:10: Info (map "de_dust2") (file "errors_20130826.log")
L 08/26/2013 - 20:37:10: [warmod.smx] GameTech LiveWire - Socket error 3 (errno 111)
L 08/26/2013 - 20:41:16: SourceMod error session started
L 08/26/2013 - 20:41:16: Info (map "de_dust2") (file "errors_20130826.log")
L 08/26/2013 - 20:41:16: [warmod.smx] GameTech LiveWire - Socket error 3 (errno 111)
L 08/26/2013 - 20:41:17: Error log file session closed.
L 08/26/2013 - 20:41:17: SourceMod error session started
L 08/26/2013 - 20:41:17: Info (map "de_dust2") (file "errors_20130826.log")
L 08/26/2013 - 20:41:17: [warmod.smx] GameTech LiveWire - Socket error 3 (errno 111)
L 08/26/2013 - 20:46:30: SourceMod error session started
L 08/26/2013 - 20:46:30: Info (map "de_dust2") (file "errors_20130826.log")
L 08/26/2013 - 20:46:30: [warmod.smx] GameTech LiveWire - Socket error 3 (errno 111)
L 08/26/2013 - 20:46:31: Error log file session closed.
L 08/26/2013 - 20:46:31: SourceMod error session started
L 08/26/2013 - 20:46:31: Info (map "de_dust2") (file "errors_20130826.log")
L 08/26/2013 - 20:46:31: [warmod.smx] GameTech LiveWire - Socket error 3 (errno 111)
L 08/26/2013 - 20:47:34: SourceMod error session started
L 08/26/2013 - 20:47:34: Info (map "de_dust2") (file "errors_20130826.log")
L 08/26/2013 - 20:47:34: [warmod.smx] GameTech LiveWire - Socket error 3 (errno 111)
L 08/26/2013 - 20:47:35: Error log file session closed.
L 08/26/2013 - 20:47:35: SourceMod error session started
L 08/26/2013 - 20:47:35: Info (map "de_dust2") (file "errors_20130826.log")
L 08/26/2013 - 20:47:35: [warmod.smx] GameTech LiveWire - Socket error 3 (errno 111)
L 08/26/2013 - 20:51:18: SourceMod error session started
L 08/26/2013 - 20:51:18: Info (map "de_dust2") (file "errors_20130826.log")
L 08/26/2013 - 20:51:18: [warmod.smx] GameTech LiveWire - Socket error 3 (errno 111)
L 08/26/2013 - 20:51:19: Error log file session closed.
L 08/26/2013 - 20:51:19: SourceMod error session started
L 08/26/2013 - 20:51:19: Info (map "de_dust2") (file "errors_20130826.log")
L 08/26/2013 - 20:51:19: [warmod.smx] GameTech LiveWire - Socket error 3 (errno 111)
L 08/26/2013 - 21:06:57: SourceMod error session started
L 08/26/2013 - 21:06:57: Info (map "de_dust2") (file "errors_20130826.log")
L 08/26/2013 - 21:06:57: [SM] Warning encountered parsing languages.cfg file.
L 08/26/2013 - 21:06:57: [SM] Invalid language code "pt_p" is being ignored.
L 08/26/2013 - 21:06:58: [warmod.smx] GameTech LiveWire - Socket error 3 (errno 111)
L 08/26/2013 - 21:06:59: Error log file session closed.
L 08/26/2013 - 21:06:59: SourceMod error session started
L 08/26/2013 - 21:06:59: Info (map "de_dust2") (file "errors_20130826.log")
L 08/26/2013 - 21:06:59: [SM] Warning encountered parsing languages.cfg file.
L 08/26/2013 - 21:06:59: [SM] Invalid language code "pt_p" is being ignored.
L 08/26/2013 - 21:06:59: [warmod.smx] GameTech LiveWire - Socket error 3 (errno 111)
L 08/26/2013 - 21:09:20: SourceMod error session started
L 08/26/2013 - 21:09:20: Info (map "de_dust2") (file "errors_20130826.log")
L 08/26/2013 - 21:09:20: [SM] Warning encountered parsing languages.cfg file.
L 08/26/2013 - 21:09:20: [SM] Invalid language code "pt_p" is being ignored.
L 08/26/2013 - 21:09:21: [warmod.smx] GameTech LiveWire - Socket error 3 (errno 111)
L 08/26/2013 - 21:09:22: Error log file session closed.
L 08/26/2013 - 21:09:22: SourceMod error session started
L 08/26/2013 - 21:09:22: Info (map "de_dust2") (file "errors_20130826.log")
L 08/26/2013 - 21:09:22: [SM] Warning encountered parsing languages.cfg file.
L 08/26/2013 - 21:09:22: [SM] Invalid language code "pt_p" is being ignored.
L 08/26/2013 - 21:09:22: [warmod.smx] GameTech LiveWire - Socket error 3 (errno 111)
